Started GET "/" for 127.0.0.1 at 2023-10-06 00:33:56 +0530
  [1m[35m (17.5ms)[0m  [1m[34mSELECT sqlite_version(*)[0m
Processing by Rails::WelcomeController#index as HTML
  Rendering /Users/saranshbajpai/.rvm/gems/jruby-9.3.3.0/gems/railties-6.1.7.6/lib/rails/templates/rails/welcome/index.html.erb
  Rendered /Users/saranshbajpai/.rvm/gems/jruby-9.3.3.0/gems/railties-6.1.7.6/lib/rails/templates/rails/welcome/index.html.erb (Duration: 28.4ms | Allocations: 0)
Completed 200 OK in 74ms (Views: 42.4ms | ActiveRecord: 0.0ms | Allocations: 0)


Started GET "/favicon.ico" for 127.0.0.1 at 2023-10-06 00:33:57 +0530
  
ActionController::RoutingError (No route matches [GET] "/favicon.ico"):
  
Started GET "/transactions" for 127.0.0.1 at 2023-10-06 00:34:03 +0530
Processing by TransactionsController#index as HTML
Completed 200 OK in 9ms (ActiveRecord: 0.0ms | Allocations: 0)


Started GET "/transactions" for 127.0.0.1 at 2023-10-06 00:34:17 +0530
Processing by TransactionsController#index as HTML
Completed 200 OK in 7ms (ActiveRecord: 0.0ms | Allocations: 0)


Started GET "/" for 127.0.0.1 at 2023-10-06 00:34:52 +0530
Processing by Rails::WelcomeController#index as */*
  Rendering /Users/saranshbajpai/.rvm/gems/jruby-9.3.3.0/gems/railties-6.1.7.6/lib/rails/templates/rails/welcome/index.html.erb
  Rendered /Users/saranshbajpai/.rvm/gems/jruby-9.3.3.0/gems/railties-6.1.7.6/lib/rails/templates/rails/welcome/index.html.erb (Duration: 25.5ms | Allocations: 0)
Completed 200 OK in 73ms (Views: 51.8ms | ActiveRecord: 0.0ms | Allocations: 0)


Started GET "/transactions" for 127.0.0.1 at 2023-10-06 00:34:59 +0530
Processing by TransactionsController#index as */*
Completed 200 OK in 1ms (ActiveRecord: 0.0ms | Allocations: 0)


Started GET "/transactions" for 127.0.0.1 at 2023-10-06 00:35:22 +0530
Processing by TransactionsController#index as */*
Completed 200 OK in 1ms (ActiveRecord: 0.0ms | Allocations: 0)


  [1m[35m (10.4ms)[0m  [1m[34mSELECT sqlite_version(*)[0m
  [1m[35m (9.0ms)[0m  [1m[35mCREATE TABLE "schema_migrations" ("version" varchar NOT NULL PRIMARY KEY)[0m
  [1m[35m (1.8ms)[0m  [1m[35mCREATE TABLE "ar_internal_metadata" ("key" varchar NOT NULL PRIMARY KEY, "value" varchar, "created_at" datetime(6) NOT NULL, "updated_at" datetime(6) NOT NULL)[0m
  [1m[35m (1.1ms)[0m  [1m[34mSELECT "schema_migrations"."version" FROM "schema_migrations" ORDER BY "schema_migrations"."version" ASC[0m
Migrating to CreateTransactions (20231005190949)
  [1m[36mTRANSACTION (1.9ms)[0m  [1m[35mBEGIN[0m
  [1m[35m (0.5ms)[0m  [1m[35mCREATE TABLE "transactions" ("id" integer PRIMARY KEY AUTOINCREMENT NOT NULL, "transaction_time" datetime, "transaction_description" varchar, "transaction_amount" float, "transaction_currency" varchar, "account_balance" float, "currency" varchar, "activity_id" varchar, "transaction_method" varchar, "requester" json, "source" json, "destination" json, "created_at" datetime(6) NOT NULL, "updated_at" datetime(6) NOT NULL)[0m
  [1m[36mActiveRecord::SchemaMigration Create (5.0ms)[0m  [1m[32mINSERT INTO "schema_migrations" ("version") VALUES (?)[0m  [["version", "20231005190949"]]
  [1m[36mTRANSACTION (1.2ms)[0m  [1m[35mCOMMIT[0m
  [1m[36mActiveRecord::InternalMetadata Load (20.0ms)[0m  [1m[34mSELECT "ar_internal_metadata".* FROM "ar_internal_metadata" WHERE "ar_internal_metadata"."key" = ? LIMIT ?[0m  [["key", "environment"], ["LIMIT", 1]]
  [1m[36mTRANSACTION (0.2ms)[0m  [1m[35mBEGIN[0m
  [1m[36mActiveRecord::InternalMetadata Create (3.9ms)[0m  [1m[32mINSERT INTO "ar_internal_metadata" ("key", "value", "created_at", "updated_at") VALUES (?, ?, ?, ?)[0m  [["key", "environment"], ["value", "development"], ["created_at", Thu, 05 Oct 2023 19:11:17.602781000 UTC +00:00], ["updated_at", Thu, 05 Oct 2023 19:11:17.602781000 UTC +00:00]]
  [1m[36mTRANSACTION (0.5ms)[0m  [1m[35mCOMMIT[0m
  [1m[35m (0.2ms)[0m  [1m[34mSELECT sqlite_version(*)[0m
  [1m[35m (2.1ms)[0m  [1m[34mSELECT "schema_migrations"."version" FROM "schema_migrations" ORDER BY "schema_migrations"."version" ASC[0m
Started GET "/transactions" for 127.0.0.1 at 2023-10-06 00:44:16 +0530
  [1m[35m (1.3ms)[0m  [1m[34mSELECT sqlite_version(*)[0m
  [1m[35m (0.3ms)[0m  [1m[34mSELECT "schema_migrations"."version" FROM "schema_migrations" ORDER BY "schema_migrations"."version" ASC[0m
  
ActiveRecord::PendingMigrationError (

Migrations are pending. To resolve this issue, run:

        bin/rails db:migrate RAILS_ENV=development

You have 0 pending migration:



):
  
activerecord (6.1.7.6) lib/active_record/migration.rb:625:in `check_pending!'
activerecord (6.1.7.6) lib/active_record/migration.rb:590:in `block in call'
activesupport (6.1.7.6) lib/active_support/evented_file_update_checker.rb:59:in `execute'
activesupport (6.1.7.6) lib/active_support/evented_file_update_checker.rb:65:in `execute_if_updated'
activerecord (6.1.7.6) lib/active_record/migration.rb:597:in `block in call'
org/jruby/ext/thread/Mutex.java:171:in `synchronize'
activerecord (6.1.7.6) lib/active_record/migration.rb:587:in `call'
actionpack (6.1.7.6) lib/action_dispatch/middleware/callbacks.rb:27:in `block in call'
activesupport (6.1.7.6) lib/active_support/callbacks.rb:98:in `run_callbacks'
actionpack (6.1.7.6) lib/action_dispatch/middleware/callbacks.rb:26:in `call'
actionpack (6.1.7.6) lib/action_dispatch/middleware/executor.rb:14:in `call'
actionpack (6.1.7.6) lib/action_dispatch/middleware/actionable_exceptions.rb:18:in `call'
actionpack (6.1.7.6) lib/action_dispatch/middleware/debug_exceptions.rb:29:in `call'
actionpack (6.1.7.6) lib/action_dispatch/middleware/show_exceptions.rb:33:in `call'
railties (6.1.7.6) lib/rails/rack/logger.rb:37:in `call_app'
railties (6.1.7.6) lib/rails/rack/logger.rb:26:in `block in call'
activesupport (6.1.7.6) lib/active_support/tagged_logging.rb:99:in `block in tagged'
activesupport (6.1.7.6) lib/active_support/tagged_logging.rb:37:in `tagged'
activesupport (6.1.7.6) lib/active_support/tagged_logging.rb:99:in `tagged'
railties (6.1.7.6) lib/rails/rack/logger.rb:26:in `call'
actionpack (6.1.7.6) lib/action_dispatch/middleware/remote_ip.rb:81:in `call'
actionpack (6.1.7.6) lib/action_dispatch/middleware/request_id.rb:26:in `call'
rack (2.2.8) lib/rack/runtime.rb:22:in `call'
activesupport (6.1.7.6) lib/active_support/cache/strategy/local_cache_middleware.rb:29:in `call'
actionpack (6.1.7.6) lib/action_dispatch/middleware/executor.rb:14:in `call'
actionpack (6.1.7.6) lib/action_dispatch/middleware/static.rb:24:in `call'
rack (2.2.8) lib/rack/sendfile.rb:110:in `call'
actionpack (6.1.7.6) lib/action_dispatch/middleware/host_authorization.rb:148:in `call'
railties (6.1.7.6) lib/rails/engine.rb:539:in `call'
puma-5.6.7 (java) lib/puma/configuration.rb:252:in `call'
puma-5.6.7 (java) lib/puma/request.rb:77:in `block in handle_request'
puma-5.6.7 (java) lib/puma/thread_pool.rb:340:in `with_force_shutdown'
puma-5.6.7 (java) lib/puma/request.rb:76:in `handle_request'
puma-5.6.7 (java) lib/puma/server.rb:443:in `process_client'
puma-5.6.7 (java) lib/puma/thread_pool.rb:147:in `block in spawn_thread'
  [1m[35m (15.5ms)[0m  [1m[34mSELECT sqlite_version(*)[0m
  [1m[35m (15.1ms)[0m  [1m[34mSELECT sqlite_version(*)[0m
  [1m[35m (0.4ms)[0m  [1m[34mSELECT "schema_migrations"."version" FROM "schema_migrations" ORDER BY "schema_migrations"."version" ASC[0m
  [1m[36mActiveRecord::InternalMetadata Load (20.0ms)[0m  [1m[34mSELECT "ar_internal_metadata".* FROM "ar_internal_metadata" WHERE "ar_internal_metadata"."key" = ? LIMIT ?[0m  [["key", "environment"], ["LIMIT", 1]]
  [1m[35m (1.4ms)[0m  [1m[34mSELECT sqlite_version(*)[0m
  [1m[35m (0.6ms)[0m  [1m[34mSELECT "schema_migrations"."version" FROM "schema_migrations" ORDER BY "schema_migrations"."version" ASC[0m
  [1m[35m (10.7ms)[0m  [1m[34mSELECT sqlite_version(*)[0m
  [1m[35m (0.4ms)[0m  [1m[34mSELECT "schema_migrations"."version" FROM "schema_migrations" ORDER BY "schema_migrations"."version" ASC[0m
  [1m[36mActiveRecord::InternalMetadata Load (21.2ms)[0m  [1m[34mSELECT "ar_internal_metadata".* FROM "ar_internal_metadata" WHERE "ar_internal_metadata"."key" = ? LIMIT ?[0m  [["key", "environment"], ["LIMIT", 1]]
  [1m[35m (0.2ms)[0m  [1m[34mSELECT sqlite_version(*)[0m
  [1m[35m (0.2ms)[0m  [1m[34mSELECT "schema_migrations"."version" FROM "schema_migrations" ORDER BY "schema_migrations"."version" ASC[0m
  [1m[35m (0.9ms)[0m  [1m[34mSELECT sqlite_version(*)[0m
  [1m[36mTransaction Load (36.3ms)[0m  [1m[34mSELECT "transactions".* FROM "transactions" ORDER BY "transactions"."id" ASC LIMIT ?[0m  [["LIMIT", 1]]
  [1m[36mTransaction Load (1.8ms)[0m  [1m[34mSELECT "transactions".* FROM "transactions" /* loading for inspect */ LIMIT ?[0m  [["LIMIT", 11]]
Started GET "/transactions" for 127.0.0.1 at 2023-10-06 00:49:35 +0530
  [1m[35m (0.8ms)[0m  [1m[34mSELECT sqlite_version(*)[0m
  [1m[35m (0.2ms)[0m  [1m[34mSELECT "schema_migrations"."version" FROM "schema_migrations" ORDER BY "schema_migrations"."version" ASC[0m
Processing by TransactionsController#index as */*
Completed 500 Internal Server Error in 136ms (ActiveRecord: 0.0ms | Allocations: 0)


  
NoMethodError (undefined method `all' for :Transaction:Symbol):
  
app/controllers/transactions_controller.rb:3:in `index'
  [1m[36mTransaction Load (6.4ms)[0m  [1m[34mSELECT "transactions".* FROM "transactions" /* loading for inspect */ LIMIT ?[0m  [["LIMIT", 11]]
Started GET "/transactions" for 127.0.0.1 at 2023-10-06 00:51:12 +0530
Processing by TransactionsController#index as */*
  [1m[35m (1.1ms)[0m  [1m[34mSELECT sqlite_version(*)[0m
  ↳ app/controllers/transactions_controller.rb:3:in `index'
  [1m[36mTransaction Load (1.7ms)[0m  [1m[34mSELECT "transactions".* FROM "transactions"[0m
  ↳ app/controllers/transactions_controller.rb:3:in `index'
Completed 200 OK in 139ms (Views: 111.7ms | ActiveRecord: 8.2ms | Allocations: 0)


  [1m[36mTRANSACTION (1.7ms)[0m  [1m[35mBEGIN[0m
  [1m[36mTransaction Create (5.7ms)[0m  [1m[32mINSERT INTO "transactions" ("transaction_description", "created_at", "updated_at") VALUES (?, ?, ?)[0m  [["transaction_description", "first transaction"], ["created_at", Thu, 05 Oct 2023 19:22:10.499212000 UTC +00:00], ["updated_at", Thu, 05 Oct 2023 19:22:10.499212000 UTC +00:00]]
  [1m[36mTRANSACTION (0.4ms)[0m  [1m[35mCOMMIT[0m
Started GET "/transactions" for 127.0.0.1 at 2023-10-06 00:52:14 +0530
Processing by TransactionsController#index as */*
  [1m[36mTransaction Load (4.2ms)[0m  [1m[34mSELECT "transactions".* FROM "transactions"[0m
  ↳ app/controllers/transactions_controller.rb:3:in `index'
Completed 200 OK in 195ms (Views: 179.4ms | ActiveRecord: 9.4ms | Allocations: 0)


  [1m[36mTransaction Load (4.1ms)[0m  [1m[34mSELECT "transactions".* FROM "transactions" ORDER BY "transactions"."id" ASC LIMIT ?[0m  [["LIMIT", 1]]
  [1m[35m (6.0ms)[0m  [1m[34mSELECT COUNT(*) FROM "transactions"[0m
Started GET "/transactions" for 127.0.0.1 at 2023-10-06 02:06:31 +0530
Processing by TransactionsController#index as */*
  [1m[35m (3.4ms)[0m  [1m[34mSELECT sqlite_version(*)[0m
  ↳ app/controllers/transactions_controller.rb:3:in `index'
  [1m[36mTransaction Load (5.0ms)[0m  [1m[34mSELECT "transactions".* FROM "transactions"[0m
  ↳ app/controllers/transactions_controller.rb:3:in `index'
Completed 200 OK in 57ms (Views: 55.6ms | ActiveRecord: 10.0ms | Allocations: 0)


Started GET "/transactions" for 127.0.0.1 at 2023-10-06 02:09:30 +0530
  
ActionController::RoutingError (No route matches [GET] "/transactions"):
  
Started GET "/transactions" for 127.0.0.1 at 2023-10-06 02:09:36 +0530
  
ActionController::RoutingError (No route matches [GET] "/transactions"):
  
Started GET "/transactions" for 127.0.0.1 at 2023-10-06 02:10:51 +0530
Processing by TransactionsController#index as */*
  [1m[35m (0.2ms)[0m  [1m[34mSELECT sqlite_version(*)[0m
  ↳ app/controllers/transactions_controller.rb:3:in `index'
  [1m[36mTransaction Load (0.4ms)[0m  [1m[34mSELECT "transactions".* FROM "transactions"[0m
  ↳ app/controllers/transactions_controller.rb:3:in `index'
Completed 200 OK in 90ms (Views: 79.3ms | ActiveRecord: 7.1ms | Allocations: 0)


Started GET "/transactions" for 127.0.0.1 at 2023-10-06 02:13:01 +0530
Processing by TransactionsController#index as HTML
  [1m[35m (0.7ms)[0m  [1m[34mSELECT sqlite_version(*)[0m
  ↳ app/controllers/transactions_controller.rb:3:in `index'
  [1m[36mTransaction Load (1.1ms)[0m  [1m[34mSELECT "transactions".* FROM "transactions"[0m
  ↳ app/controllers/transactions_controller.rb:3:in `index'
Completed 200 OK in 96ms (Views: 87.3ms | ActiveRecord: 4.4ms | Allocations: 0)


Started GET "/favicon.ico" for 127.0.0.1 at 2023-10-06 02:13:02 +0530
  
ActionController::RoutingError (No route matches [GET] "/favicon.ico"):
  
Started POST "/transactions" for 127.0.0.1 at 2023-10-06 02:16:34 +0530
Processing by TransactionsController#create as */*
  [1m[35m (0.4ms)[0m  [1m[34mSELECT sqlite_version(*)[0m
  ↳ app/controllers/transactions_controller.rb:7:in `create'
  [1m[36mTRANSACTION (5.5ms)[0m  [1m[35mBEGIN[0m
  ↳ app/controllers/transactions_controller.rb:9:in `create'
  [1m[36mTransaction Create (22.5ms)[0m  [1m[32mINSERT INTO "transactions" ("created_at", "updated_at") VALUES (?, ?)[0m  [["created_at", Thu, 05 Oct 2023 20:46:35.189907000 UTC +00:00], ["updated_at", Thu, 05 Oct 2023 20:46:35.189907000 UTC +00:00]]
  ↳ app/controllers/transactions_controller.rb:9:in `create'
  [1m[36mTRANSACTION (2.8ms)[0m  [1m[35mCOMMIT[0m
  ↳ app/controllers/transactions_controller.rb:9:in `create'
Completed 201 Created in 416ms (Views: 13.4ms | ActiveRecord: 41.2ms | Allocations: 0)


Started POST "/transactions" for 127.0.0.1 at 2023-10-06 02:17:05 +0530
Processing by TransactionsController#create as */*
  Parameters: {"description"=>"test", "transaction"=>{}}
[31mUnpermitted parameter: :transaction[0m
Completed 500 Internal Server Error in 14ms (ActiveRecord: 0.0ms | Allocations: 0)


  
ActiveModel::UnknownAttributeError (unknown attribute 'description' for Transaction.):
  
app/controllers/transactions_controller.rb:7:in `create'
Started POST "/transactions" for 127.0.0.1 at 2023-10-06 02:18:32 +0530
  [1m[35m (1.0ms)[0m  [1m[34mSELECT sqlite_version(*)[0m
Processing by TransactionsController#create as */*
  Parameters: {"description"=>"test", "transaction"=>{}}
Completed 400 Bad Request in 7ms (ActiveRecord: 4.8ms | Allocations: 0)


  
ActionController::ParameterMissing (param is missing or the value is empty: transaction):
  
app/controllers/transactions_controller.rb:18:in `transaction_params'
app/controllers/transactions_controller.rb:7:in `create'
Started POST "/transactions" for 127.0.0.1 at 2023-10-06 02:19:15 +0530
  [1m[35m (0.2ms)[0m  [1m[34mSELECT sqlite_version(*)[0m
Processing by TransactionsController#create as */*
  Parameters: {"description"=>"test", "transaction"=>{}}
Completed 500 Internal Server Error in 72ms (ActiveRecord: 2.0ms | Allocations: 0)


  
NameError (undefined local variable or method `param' for #<TransactionsController:0x000000000022b0>
Did you mean?  params
               params=):
  
app/controllers/transactions_controller.rb:18:in `transaction_params'
app/controllers/transactions_controller.rb:7:in `create'
Started POST "/transactions" for 127.0.0.1 at 2023-10-06 02:19:54 +0530
  [1m[35m (0.4ms)[0m  [1m[34mSELECT sqlite_version(*)[0m
Processing by TransactionsController#create as */*
  Parameters: {"description"=>"test", "transaction"=>{}}
Completed 400 Bad Request in 2ms (ActiveRecord: 1.9ms | Allocations: 0)


  
ActionController::ParameterMissing (param is missing or the value is empty: transaction):
  
app/controllers/transactions_controller.rb:18:in `transaction_params'
app/controllers/transactions_controller.rb:7:in `create'
Started GET "/transactions" for 127.0.0.1 at 2023-10-06 02:21:25 +0530
Processing by TransactionsController#index as */*
  Parameters: {"description"=>"test", "transaction"=>{}}
  [1m[36mTransaction Load (3.5ms)[0m  [1m[34mSELECT "transactions".* FROM "transactions"[0m
  ↳ app/controllers/transactions_controller.rb:3:in `index'
Completed 200 OK in 56ms (Views: 44.2ms | ActiveRecord: 5.5ms | Allocations: 0)


Started POST "/transactions" for 127.0.0.1 at 2023-10-06 02:21:30 +0530
Processing by TransactionsController#create as */*
  Parameters: {"description"=>"test", "transaction"=>{}}
Completed 400 Bad Request in 2ms (ActiveRecord: 0.0ms | Allocations: 0)


  
ActionController::ParameterMissing (param is missing or the value is empty: transaction):
  
app/controllers/transactions_controller.rb:18:in `transaction_params'
app/controllers/transactions_controller.rb:7:in `create'
Started POST "/transactions" for 127.0.0.1 at 2023-10-06 02:23:04 +0530
  [1m[35m (0.9ms)[0m  [1m[34mSELECT sqlite_version(*)[0m
Processing by TransactionsController#create as */*
  Parameters: {"description"=>"test", "transaction"=>{}}
[31mUnpermitted parameter: :transaction[0m
Completed 500 Internal Server Error in 45ms (ActiveRecord: 5.3ms | Allocations: 0)


  
ActiveModel::UnknownAttributeError (unknown attribute 'description' for Transaction.):
  
app/controllers/transactions_controller.rb:7:in `create'
Started GET "/transactions" for 127.0.0.1 at 2023-10-06 02:23:51 +0530
Processing by TransactionsController#index as */*
  Parameters: {"description"=>"test", "transaction"=>{}}
  [1m[36mTransaction Load (1.9ms)[0m  [1m[34mSELECT "transactions".* FROM "transactions"[0m
  ↳ app/controllers/transactions_controller.rb:3:in `index'
Completed 200 OK in 35ms (Views: 27.4ms | ActiveRecord: 1.9ms | Allocations: 0)


Started GET "/transactions" for 127.0.0.1 at 2023-10-06 02:24:02 +0530
  [1m[35m (0.5ms)[0m  [1m[34mSELECT sqlite_version(*)[0m
Processing by TransactionsController#index as */*
  Parameters: {"transaction_description"=>"test", "transaction"=>{"transaction_description"=>"test"}}
  [1m[36mTransaction Load (0.4ms)[0m  [1m[34mSELECT "transactions".* FROM "transactions"[0m
  ↳ app/controllers/transactions_controller.rb:3:in `index'
Completed 200 OK in 35ms (Views: 24.5ms | ActiveRecord: 3.3ms | Allocations: 0)


Started POST "/transactions" for 127.0.0.1 at 2023-10-06 02:24:07 +0530
Processing by TransactionsController#create as */*
  Parameters: {"transaction_description"=>"test", "transaction"=>{"transaction_description"=>"test"}}
  [1m[36mTRANSACTION (0.2ms)[0m  [1m[35mBEGIN[0m
  ↳ app/controllers/transactions_controller.rb:9:in `create'
  [1m[36mTransaction Create (2.3ms)[0m  [1m[32mINSERT INTO "transactions" ("transaction_description", "created_at", "updated_at") VALUES (?, ?, ?)[0m  [["transaction_description", "test"], ["created_at", Thu, 05 Oct 2023 20:54:07.798009000 UTC +00:00], ["updated_at", Thu, 05 Oct 2023 20:54:07.798009000 UTC +00:00]]
  ↳ app/controllers/transactions_controller.rb:9:in `create'
  [1m[36mTRANSACTION (0.7ms)[0m  [1m[35mCOMMIT[0m
  ↳ app/controllers/transactions_controller.rb:9:in `create'
Completed 201 Created in 60ms (Views: 14.4ms | ActiveRecord: 3.3ms | Allocations: 0)


Started GET "/transactions" for 127.0.0.1 at 2023-10-06 02:24:25 +0530
Processing by TransactionsController#index as */*
  [1m[36mTransaction Load (1.5ms)[0m  [1m[34mSELECT "transactions".* FROM "transactions"[0m
  ↳ app/controllers/transactions_controller.rb:3:in `index'
Completed 200 OK in 72ms (Views: 68.5ms | ActiveRecord: 1.5ms | Allocations: 0)


